{"time":"2025-01-15T21:11:40.1841535+05:00","level":"INFO","msg":"response status","statusCode":200,"method":"GET","path":"/songs/","params":{},"body":"","duration":"8.8264ms"}
{"time":"2025-01-15T21:14:43.2180654+05:00","level":"INFO","msg":"Rows returned","query":"SELECT id, name, lyric, release_date, link, performer \n\t\tFROM song_filter($1, $2, $3, $4, $5, $6, $7, $8) AS s","rows description":[{"Name":"id","TableOID":0,"TableAttributeNumber":0,"DataTypeOID":23,"DataTypeSize":4,"TypeModifier":-1,"Format":1},{"Name":"name","TableOID":0,"TableAttributeNumber":0,"DataTypeOID":25,"DataTypeSize":-1,"TypeModifier":-1,"Format":0},{"Name":"lyric","TableOID":0,"TableAttributeNumber":0,"DataTypeOID":25,"DataTypeSize":-1,"TypeModifier":-1,"Format":0},{"Name":"release_date","TableOID":0,"TableAttributeNumber":0,"DataTypeOID":1082,"DataTypeSize":4,"TypeModifier":-1,"Format":1},{"Name":"link","TableOID":0,"TableAttributeNumber":0,"DataTypeOID":25,"DataTypeSize":-1,"TypeModifier":-1,"Format":0},{"Name":"performer","TableOID":0,"TableAttributeNumber":0,"DataTypeOID":25,"DataTypeSize":-1,"TypeModifier":-1,"Format":0}]}
{"time":"2025-01-15T21:14:43.2190732+05:00","level":"INFO","msg":"Filtered songs"}
{"time":"2025-01-15T21:14:43.2190732+05:00","level":"INFO","msg":"response status","statusCode":200,"method":"GET","path":"/songs/","params":{},"body":"","duration":"8.4873ms"}
{"time":"2025-01-15T21:22:19.6622582+05:00","level":"INFO","msg":"response status","statusCode":200,"method":"GET","path":"/swagger/index.html","params":{},"body":"","duration":"32.9606ms"}
{"time":"2025-01-15T21:22:19.6837853+05:00","level":"INFO","msg":"response status","statusCode":200,"method":"GET","path":"/swagger/swagger-ui.css","params":{},"body":"","duration":"1.0608ms"}
{"time":"2025-01-15T21:22:19.685343+05:00","level":"INFO","msg":"response status","statusCode":200,"method":"GET","path":"/swagger/swagger-ui-standalone-preset.js","params":{},"body":"","duration":"2.0618ms"}
{"time":"2025-01-15T21:22:19.6858685+05:00","level":"INFO","msg":"response status","statusCode":200,"method":"GET","path":"/swagger/swagger-ui-bundle.js","params":{},"body":"","duration":"2.6387ms"}
{"time":"2025-01-15T21:22:19.8809417+05:00","level":"INFO","msg":"response status","statusCode":200,"method":"GET","path":"/swagger/doc.json","params":{},"body":"","duration":"505.7µs"}
{"time":"2025-01-15T21:22:19.8824559+05:00","level":"INFO","msg":"response status","statusCode":200,"method":"GET","path":"/swagger/favicon-32x32.png","params":{},"body":"","duration":"507µs"}
{"time":"2025-01-15T21:32:48.4218111+05:00","level":"INFO","msg":"Connecting to database","connection string":"postgres://postgres:123@localhost:5432/OnlineMusic?sslmode=disable"}
{"time":"2025-01-15T21:32:55.9487513+05:00","level":"INFO","msg":"Viewing all songs","method":"ViewAll","query":"SELECT id, name, lyric, release_date, link, performer \n\t\tFROM song_filter($1, $2, $3, $4, $5, $6, $7, $8) AS s"}
{"time":"2025-01-15T21:32:55.9498086+05:00","level":"INFO","msg":"response status","statusCode":200,"method":"GET","path":"/songs/","params":{},"body":"","duration":"9.2296ms"}
{"time":"2025-01-15T21:35:02.0030966+05:00","level":"INFO","msg":"Connecting to database","connection string":"postgres://postgres:123@localhost:5432/OnlineMusic?sslmode=disable"}
{"time":"2025-01-15T21:35:06.1695583+05:00","level":"INFO","msg":"Viewing all songs","method":"ViewAll","query":"SELECT id, name, lyric, release_date, link, performer \n\t\tFROM song_filter($1, $2, $3, $4, $5, $6, $7, $8) AS s"}
{"time":"2025-01-15T21:35:06.1695583+05:00","level":"INFO","msg":"response status","statusCode":200,"method":"GET","path":"/songs/","params":{},"body":"","duration":"6.4189ms"}
{"time":"2025-01-15T21:35:38.3977647+05:00","level":"INFO","msg":"Connecting to database","connection string":"postgres://postgres:123@localhost:5432/OnlineMusic?sslmode=disable"}
{"time":"2025-01-15T21:35:41.3105159+05:00","level":"INFO","msg":"Viewing all songs","method":"ViewAll","query":"SELECT id, name, lyric, release_date, link, performer \n\t\tFROM song_filter($1, $2, $3, $4, $5, $6, $7, $8) AS s"}
{"time":"2025-01-15T21:35:41.3115224+05:00","level":"INFO","msg":"response status","statusCode":200,"method":"GET","path":"/songs/","params":{},"body":"","duration":"8.1413ms"}
{"time":"2025-01-15T21:35:54.4791719+05:00","level":"INFO","msg":"Connecting to database","connection string":"postgres://postgres:123@localhost:5432/OnlineMusic?sslmode=disable"}
{"time":"2025-01-15T21:36:02.5279045+05:00","level":"INFO","msg":"Viewing all songs","method":"ViewAll","query":"SELECT id, name, lyric, release_date, link, performer \n\t\tFROM song_filter($1, $2, $3, $4, $5, $6, $7, $8) AS s"}
{"time":"2025-01-15T21:36:02.5279045+05:00","level":"INFO","msg":"response status","statusCode":200,"method":"GET","path":"/songs/","params":{},"body":"","duration":"512.6µs"}
